<?xml version="1.0" encoding="UTF-8"?>
<!-- Generated by org.testng.reporters.JUnitXMLReporter -->
<testsuite ignored="0" hostname="LAPTOP-NBCD1KMT" failures="0" tests="7" name="Default test" time="11.4" errors="0" timestamp="2024-01-03T15:10:13 IST">
  <testcase classname="TestCase.TestCase10" name="initialize" time="5.176"/>
  <testcase classname="TestCase.TestCase10" name="verifyLoginPage" time="0.015"/>
  <testcase classname="TestCase.TestCase10" name="login" time="0.846"/>
  <testcase classname="TestCase.TestCase10" name="selectProduct" time="2.979"/>
  <testcase classname="TestCase.TestCase10" name="CheckoutInformation" time="0.673"/>
  <testcase classname="TestCase.TestCase10" name="ShippingInformation" time="0.146"/>
  <testcase classname="TestCase.TestCase10" name="logout" time="1.357"/>
</testsuite> <!-- Default test -->
