<?xml version="1.0" encoding="UTF-8"?>
<testng-results ignored="0" total="7" passed="7" failed="0" skipped="0">
  <reporter-output>
  </reporter-output>
  <suite started-at="2024-01-03T15:10:02 IST" name="Default suite" finished-at="2024-01-03T15:10:13 IST" duration-ms="11400">
    <groups>
    </groups>
    <test started-at="2024-01-03T15:10:02 IST" name="Default test" finished-at="2024-01-03T15:10:13 IST" duration-ms="11400">
      <class name="TestCase.TestCase10">
        <test-method signature="initialize()[pri:1, instance:TestCase.TestCase10@6b927fb]" started-at="2024-01-03T15:10:02 IST" name="initialize" finished-at="2024-01-03T15:10:07 IST" duration-ms="5176" status="PASS">
          <reporter-output>
          </reporter-output>
        </test-method> <!-- initialize -->
        <test-method signature="verifyLoginPage()[pri:2, instance:TestCase.TestCase10@6b927fb]" started-at="2024-01-03T15:10:07 IST" name="verifyLoginPage" finished-at="2024-01-03T15:10:07 IST" duration-ms="15" status="PASS">
          <reporter-output>
          </reporter-output>
        </test-method> <!-- verifyLoginPage -->
        <test-method signature="login()[pri:3, instance:TestCase.TestCase10@6b927fb]" started-at="2024-01-03T15:10:07 IST" name="login" finished-at="2024-01-03T15:10:08 IST" duration-ms="846" status="PASS">
          <reporter-output>
          </reporter-output>
        </test-method> <!-- login -->
        <test-method signature="selectProduct()[pri:4, instance:TestCase.TestCase10@6b927fb]" started-at="2024-01-03T15:10:08 IST" name="selectProduct" finished-at="2024-01-03T15:10:11 IST" duration-ms="2979" status="PASS">
          <reporter-output>
          </reporter-output>
        </test-method> <!-- selectProduct -->
        <test-method signature="CheckoutInformation()[pri:5, instance:TestCase.TestCase10@6b927fb]" started-at="2024-01-03T15:10:11 IST" name="CheckoutInformation" finished-at="2024-01-03T15:10:12 IST" duration-ms="673" status="PASS">
          <reporter-output>
          </reporter-output>
        </test-method> <!-- CheckoutInformation -->
        <test-method signature="ShippingInformation()[pri:6, instance:TestCase.TestCase10@6b927fb]" started-at="2024-01-03T15:10:12 IST" name="ShippingInformation" finished-at="2024-01-03T15:10:12 IST" duration-ms="146" status="PASS">
          <reporter-output>
          </reporter-output>
        </test-method> <!-- ShippingInformation -->
        <test-method signature="logout()[pri:7, instance:TestCase.TestCase10@6b927fb]" started-at="2024-01-03T15:10:12 IST" name="logout" finished-at="2024-01-03T15:10:13 IST" duration-ms="1357" status="PASS">
          <reporter-output>
          </reporter-output>
        </test-method> <!-- logout -->
      </class> <!-- TestCase.TestCase10 -->
    </test> <!-- Default test -->
  </suite> <!-- Default suite -->
</testng-results>
